This is pdfTeX, Version 3.14159265-2.6-1.40.16 (TeX Live 2015) (preloaded format=pdflatex 2015.10.5)  29 APR 2016 19:37
entering extended mode
 restricted \write18 enabled.
 file:line:error style messages enabled.
 %&-line parsing enabled.
**RK14832.tex
(./RK14832.tex
LaTeX2e <2015/01/01>
Babel <3.9l> and hyphenation patterns for 79 languages loaded.
(/usr/local/texlive/2015/texmf-dist/tex/latex/base/article.cls
Document Class: article 2014/09/29 v1.4h Standard LaTeX document class
(/usr/local/texlive/2015/texmf-dist/tex/latex/base/size10.clo
File: size10.clo 2014/09/29 v1.4h Standard LaTeX file (size option)
)
\c@part=\count79
\c@section=\count80
\c@subsection=\count81
\c@subsubsection=\count82
\c@paragraph=\count83
\c@subparagraph=\count84
\c@figure=\count85
\c@table=\count86
\abovecaptionskip=\skip41
\belowcaptionskip=\skip42
\bibindent=\dimen102
) (/usr/local/texlive/2015/texmf-dist/tex/latex/ms/ragged2e.sty
Package: ragged2e 2009/05/21 v2.1 ragged2e Package (MS)
 (/usr/local/texlive/2015/texmf-dist/tex/latex/ms/everysel.sty
Package: everysel 2011/10/28 v1.2 EverySelectfont Package (MS)
)
\CenteringLeftskip=\skip43
\RaggedLeftLeftskip=\skip44
\RaggedRightLeftskip=\skip45
\CenteringRightskip=\skip46
\RaggedLeftRightskip=\skip47
\RaggedRightRightskip=\skip48
\CenteringParfillskip=\skip49
\RaggedLeftParfillskip=\skip50
\RaggedRightParfillskip=\skip51
\JustifyingParfillskip=\skip52
\CenteringParindent=\skip53
\RaggedLeftParindent=\skip54
\RaggedRightParindent=\skip55
\JustifyingParindent=\skip56
) (/usr/local/texlive/2015/texmf-dist/tex/latex/geometry/geometry.sty
Package: geometry 2010/09/12 v5.6 Page Geometry
 (/usr/local/texlive/2015/texmf-dist/tex/latex/graphics/keyval.sty
Package: keyval 2014/10/28 v1.15 key=value parser (DPC)
\KV@toks@=\toks14
) (/usr/local/texlive/2015/texmf-dist/tex/generic/oberdiek/ifpdf.sty
Package: ifpdf 2011/01/30 v2.3 Provides the ifpdf switch (HO)
Package ifpdf Info: pdfTeX in PDF mode is detected.
) (/usr/local/texlive/2015/texmf-dist/tex/generic/oberdiek/ifvtex.sty
Package: ifvtex 2010/03/01 v1.5 Detect VTeX and its facilities (HO)
Package ifvtex Info: VTeX not detected.
) (/usr/local/texlive/2015/texmf-dist/tex/generic/ifxetex/ifxetex.sty
Package: ifxetex 2010/09/12 v0.6 Provides ifxetex conditional
)
\Gm@cnth=\count87
\Gm@cntv=\count88
\c@Gm@tempcnt=\count89
\Gm@bindingoffset=\dimen103
\Gm@wd@mp=\dimen104
\Gm@odd@mp=\dimen105
\Gm@even@mp=\dimen106
\Gm@layoutwidth=\dimen107
\Gm@layoutheight=\dimen108
\Gm@layouthoffset=\dimen109
\Gm@layoutvoffset=\dimen110
\Gm@dimlist=\toks15
) (/usr/local/texlive/2015/texmf-dist/tex/latex/graphics/graphicx.sty
Package: graphicx 2014/10/28 v1.0g Enhanced LaTeX Graphics (DPC,SPQR)
 (/usr/local/texlive/2015/texmf-dist/tex/latex/graphics/graphics.sty
Package: graphics 2014/10/28 v1.0p Standard LaTeX Graphics (DPC,SPQR)
 (/usr/local/texlive/2015/texmf-dist/tex/latex/graphics/trig.sty
Package: trig 1999/03/16 v1.09 sin cos tan (DPC)
) (/usr/local/texlive/2015/texmf-dist/tex/latex/latexconfig/graphics.cfg
File: graphics.cfg 2010/04/23 v1.9 graphics configuration of TeX Live
)
Package graphics Info: Driver file: pdftex.def on input line 94.
 (/usr/local/texlive/2015/texmf-dist/tex/latex/pdftex-def/pdftex.def
File: pdftex.def 2011/05/27 v0.06d Graphics/color for pdfTeX
 (/usr/local/texlive/2015/texmf-dist/tex/generic/oberdiek/infwarerr.sty
Package: infwarerr 2010/04/08 v1.3 Providing info/warning/error messages (HO)
)
(/usr/local/texlive/2015/texmf-dist/tex/generic/oberdiek/ltxcmds.sty
Package: ltxcmds 2011/11/09 v1.22 LaTeX kernel commands for general use (HO)
)
\Gread@gobject=\count90
))
\Gin@req@height=\dimen111
\Gin@req@width=\dimen112
) (/usr/local/texlive/2015/texmf-dist/tex/latex/graphics/color.sty
Package: color 2014/10/28 v1.1a Standard LaTeX Color (DPC)
 (/usr/local/texlive/2015/texmf-dist/tex/latex/latexconfig/color.cfg
File: color.cfg 2007/01/18 v1.5 color configuration of teTeX/TeXLive
)
Package color Info: Driver file: pdftex.def on input line 142.
) (/usr/local/texlive/2015/texmf-dist/tex/latex/tools/multicol.sty
Package: multicol 2015/03/31 v1.8m multicolumn formatting (FMi)
\c@tracingmulticols=\count91


Package multicol Warning: May not work with the twocolumn option on input line 150.

\mult@box=\box26
\multicol@leftmargin=\dimen113
\c@unbalance=\count92
\c@collectmore=\count93
\doublecol@number=\count94
\multicoltolerance=\count95
\multicolpretolerance=\count96
\full@width=\dimen114
\page@free=\dimen115
\premulticols=\dimen116
\postmulticols=\dimen117
\multicolsep=\skip57
\multicolbaselineskip=\skip58
\partial@page=\box27
\last@line=\box28
\maxbalancingoverflow=\dimen118
\mult@rightbox=\box29
\mult@grightbox=\box30
\mult@gfirstbox=\box31
\mult@firstbox=\box32
\@tempa=\box33
\@tempa=\box34
\@tempa=\box35
\@tempa=\box36
\@tempa=\box37
\@tempa=\box38
\@tempa=\box39
\@tempa=\box40
\@tempa=\box41
\@tempa=\box42
\@tempa=\box43
\@tempa=\box44
\@tempa=\box45
\@tempa=\box46
\@tempa=\box47
\@tempa=\box48
\@tempa=\box49
\c@columnbadness=\count97
\c@finalcolumnbadness=\count98
\last@try=\dimen119
\multicolovershoot=\dimen120
\multicolundershoot=\dimen121
\mult@nat@firstbox=\box50
\colbreak@box=\box51
\mc@col@check@num=\count99
)

LaTeX Warning: Unused global option(s):
    [12px].

(./RK14832.aux)
\openout1 = `RK14832.aux'.

LaTeX Font Info:    Checking defaults for OML/cmm/m/it on input line 12.
LaTeX Font Info:    ... okay on input line 12.
LaTeX Font Info:    Checking defaults for T1/cmr/m/n on input line 12.
LaTeX Font Info:    ... okay on input line 12.
LaTeX Font Info:    Checking defaults for OT1/cmr/m/n on input line 12.
LaTeX Font Info:    ... okay on input line 12.
LaTeX Font Info:    Checking defaults for OMS/cmsy/m/n on input line 12.
LaTeX Font Info:    ... okay on input line 12.
LaTeX Font Info:    Checking defaults for OMX/cmex/m/n on input line 12.
LaTeX Font Info:    ... okay on input line 12.
LaTeX Font Info:    Checking defaults for U/cmr/m/n on input line 12.
LaTeX Font Info:    ... okay on input line 12.
 ABD: EverySelectfont initializing macros
LaTeX Info: Redefining \selectfont on input line 12.

*geometry* driver: auto-detecting
*geometry* detected driver: pdftex
*geometry* verbose mode - [ preamble ] result:
* driver: pdftex
* paper: a4paper
* layout: <same size as paper>
* layoutoffset:(h,v)=(0.0pt,0.0pt)
* modes: 
* h-part:(L,W,R)=(72.26999pt, 452.9679pt, 72.26999pt)
* v-part:(T,H,B)=(72.26999pt, 700.50687pt, 72.26999pt)
* \paperwidth=597.50787pt
* \paperheight=845.04684pt
* \textwidth=452.9679pt
* \textheight=700.50687pt
* \oddsidemargin=0.0pt
* \evensidemargin=0.0pt
* \topmargin=-37.0pt
* \headheight=12.0pt
* \headsep=25.0pt
* \topskip=10.0pt
* \footskip=30.0pt
* \marginparwidth=4.0pt
* \marginparsep=10.0pt
* \columnsep=28.45274pt
* \skip\footins=9.0pt plus 4.0pt minus 2.0pt
* \hoffset=0.0pt
* \voffset=0.0pt
* \mag=1000
* \@twocolumntrue
* \@twosidefalse
* \@mparswitchfalse
* \@reversemarginfalse
* (1in=72.27pt=25.4mm, 1cm=28.453pt)

(/usr/local/texlive/2015/texmf-dist/tex/context/base/supp-pdf.mkii
[Loading MPS to PDF converter (version 2006.09.02).]
\scratchcounter=\count100
\scratchdimen=\dimen122
\scratchbox=\box52
\nofMPsegments=\count101
\nofMParguments=\count102
\everyMPshowfont=\toks16
\MPscratchCnt=\count103
\MPscratchDim=\dimen123
\MPnumerator=\count104
\makeMPintoPDFobject=\count105
\everyMPtoPDFconversion=\toks17
) (/usr/local/texlive/2015/texmf-dist/tex/generic/oberdiek/pdftexcmds.sty
Package: pdftexcmds 2011/11/29 v0.20 Utility functions of pdfTeX for LuaTeX (HO)
 (/usr/local/texlive/2015/texmf-dist/tex/generic/oberdiek/ifluatex.sty
Package: ifluatex 2010/03/01 v1.3 Provides the ifluatex switch (HO)
Package ifluatex Info: LuaTeX not detected.
)
Package pdftexcmds Info: LuaTeX not detected.
Package pdftexcmds Info: \pdf@primitive is available.
Package pdftexcmds Info: \pdf@ifprimitive is available.
Package pdftexcmds Info: \pdfdraftmode found.
) (/usr/local/texlive/2015/texmf-dist/tex/latex/oberdiek/epstopdf-base.sty
Package: epstopdf-base 2010/02/09 v2.5 Base part for package epstopdf
 (/usr/local/texlive/2015/texmf-dist/tex/latex/oberdiek/grfext.sty
Package: grfext 2010/08/19 v1.1 Manage graphics extensions (HO)
 (/usr/local/texlive/2015/texmf-dist/tex/generic/oberdiek/kvdefinekeys.sty
Package: kvdefinekeys 2011/04/07 v1.3 Define keys (HO)
)) (/usr/local/texlive/2015/texmf-dist/tex/latex/oberdiek/kvoptions.sty
Package: kvoptions 2011/06/30 v3.11 Key value format for package options (HO)
 (/usr/local/texlive/2015/texmf-dist/tex/generic/oberdiek/kvsetkeys.sty
Package: kvsetkeys 2012/04/25 v1.16 Key value parser (HO)
 (/usr/local/texlive/2015/texmf-dist/tex/generic/oberdiek/etexcmds.sty
Package: etexcmds 2011/02/16 v1.5 Avoid name clashes with e-TeX commands (HO)
Package etexcmds Info: Could not find \expanded.
(etexcmds)             That can mean that you are not using pdfTeX 1.50 or
(etexcmds)             that some package has redefined \expanded.
(etexcmds)             In the latter case, load this package earlier.
)))
Package grfext Info: Graphics extension search list:
(grfext)             [.png,.pdf,.jpg,.mps,.jpeg,.jbig2,.jb2,.PNG,.PDF,.JPG,.JPEG,.JBIG2,.JB2,.eps]
(grfext)             \AppendGraphicsExtensions on input line 452.
 (/usr/local/texlive/2015/texmf-dist/tex/latex/latexconfig/epstopdf-sys.cfg
File: epstopdf-sys.cfg 2010/07/13 v1.3 Configuration of (r)epstopdf for TeX Live
))
Underfull \hbox (badness 1546) in paragraph at lines 24--24
[]\OT1/cmr/bx/n/14.4 Approach to anal-y-sis in
 []

<./images/fourierT.png, id=1, 933.4875pt x 592.2125pt>
File: ./images/fourierT.png Graphic file (type png)
 <use ./images/fourierT.png>
Package pdftex.def Info: ./images/fourierT.png used on input line 33.
(pdftex.def)             Requested size: 233.3713pt x 148.05275pt.

Overfull \hbox (21.11374pt too wide) in paragraph at lines 33--34
[][] 
 []

<./images/fourierS.png, id=3, 933.4875pt x 592.2125pt>
File: ./images/fourierS.png Graphic file (type png)
 <use ./images/fourierS.png>
Package pdftex.def Info: ./images/fourierS.png used on input line 38.
(pdftex.def)             Requested size: 233.3713pt x 148.05275pt.

Overfull \hbox (21.11374pt too wide) in paragraph at lines 38--39
[][] 
 []

<./images/fourierV.png, id=4, 933.4875pt x 592.2125pt>
File: ./images/fourierV.png Graphic file (type png)
 <use ./images/fourierV.png>
Package pdftex.def Info: ./images/fourierV.png used on input line 43.
(pdftex.def)             Requested size: 233.3713pt x 148.05275pt.

Overfull \hbox (21.11374pt too wide) in paragraph at lines 43--44
[][] 
 []


LaTeX Warning: `!h' float specifier changed to `!ht'.

LaTeX Font Info:    Try loading font information for OMS+cmr on input line 56.
(/usr/local/texlive/2015/texmf-dist/tex/latex/base/omscmr.fd
File: omscmr.fd 2014/09/29 v2.5h Standard LaTeX font definitions
)
LaTeX Font Info:    Font shape `OMS/cmr/m/n' in size <10> not available
(Font)              Font shape `OMS/cmsy/m/n' tried instead on input line 56.
LaTeX Font Info:    External font `cmex10' loaded for size
(Font)              <7> on input line 65.
LaTeX Font Info:    External font `cmex10' loaded for size
(Font)              <5> on input line 65.

Underfull \vbox (badness 1253) has occurred while \output is active []

 [1

{/usr/local/texlive/2015/texmf-var/fonts/map/pdftex/updmap/pdftex.map} <./images/fourierT.png> <./images/fourierS.png> <./images/fourierV.png>] <./images/decision.png, id=17, 936.49875pt x 699.61375pt>
File: ./images/decision.png Graphic file (type png)
 <use ./images/decision.png>
Package pdftex.def Info: ./images/decision.png used on input line 113.
(pdftex.def)             Requested size: 234.12411pt x 174.903pt.

Overfull \hbox (21.86655pt too wide) in paragraph at lines 113--114
[][] 
 []


LaTeX Warning: `!h' float specifier changed to `!ht'.


Underfull \hbox (badness 1655) in paragraph at lines 118--124
[]\OT1/cmr/m/n/10 The train-ing data pro-duced three re-gions
 []

<./images/testpoints.png, id=18, 936.49875pt x 699.61375pt>
File: ./images/testpoints.png Graphic file (type png)
 <use ./images/testpoints.png>
Package pdftex.def Info: ./images/testpoints.png used on input line 133.
(pdftex.def)             Requested size: 234.12411pt x 174.903pt.

Underfull \hbox (badness 1043) in paragraph at lines 127--134
\OT1/cmr/m/n/10 of that par-tic-u-lar V be-ing ex-tremly curved.
 []


Overfull \hbox (21.86655pt too wide) in paragraph at lines 127--134
[] 
 []


Underfull \vbox (badness 10000) has occurred while \output is active []

 [2 <./images/decision.png>] <./images/tS11.png, id=25, 642.4pt x 401.5pt>
File: ./images/tS11.png Graphic file (type png)
 <use ./images/tS11.png>
Package pdftex.def Info: ./images/tS11.png used on input line 141.
(pdftex.def)             Requested size: 64.24376pt x 40.15234pt.
 <./images/tS12.png, id=26, 642.4pt x 401.5pt>
File: ./images/tS12.png Graphic file (type png)
 <use ./images/tS12.png>
Package pdftex.def Info: ./images/tS12.png used on input line 142.
(pdftex.def)             Requested size: 64.24376pt x 40.15234pt.
 <./images/tS13.png, id=27, 642.4pt x 401.5pt>
File: ./images/tS13.png Graphic file (type png)
 <use ./images/tS13.png>
Package pdftex.def Info: ./images/tS13.png used on input line 143.
(pdftex.def)             Requested size: 64.24376pt x 40.15234pt.
 <./images/tv11.png, id=28, 642.4pt x 401.5pt>
File: ./images/tv11.png Graphic file (type png)
 <use ./images/tv11.png>
Package pdftex.def Info: ./images/tv11.png used on input line 144.
(pdftex.def)             Requested size: 64.24376pt x 40.15234pt.
 <./images/tv12.png, id=29, 642.4pt x 401.5pt>
File: ./images/tv12.png Graphic file (type png)
 <use ./images/tv12.png>
Package pdftex.def Info: ./images/tv12.png used on input line 145.
(pdftex.def)             Requested size: 64.24376pt x 40.15234pt.
 <./images/tv13.png, id=30, 642.4pt x 401.5pt>
File: ./images/tv13.png Graphic file (type png)
 <use ./images/tv13.png>
Package pdftex.def Info: ./images/tv13.png used on input line 146.
(pdftex.def)             Requested size: 64.24376pt x 40.15234pt.
 <./images/tT11.png, id=31, 642.4pt x 401.5pt>
File: ./images/tT11.png Graphic file (type png)
 <use ./images/tT11.png>
Package pdftex.def Info: ./images/tT11.png used on input line 147.
(pdftex.def)             Requested size: 64.24376pt x 40.15234pt.
 <./images/tT13.png, id=32, 642.4pt x 401.5pt>
File: ./images/tT13.png Graphic file (type png)
 <use ./images/tT13.png>
Package pdftex.def Info: ./images/tT13.png used on input line 148.
(pdftex.def)             Requested size: 64.24376pt x 40.15234pt.
 <./images/tT12.png, id=33, 642.4pt x 401.5pt>
File: ./images/tT12.png Graphic file (type png)
 <use ./images/tT12.png>
Package pdftex.def Info: ./images/tT12.png used on input line 149.
(pdftex.def)             Requested size: 64.24376pt x 40.15234pt.

Underfull \hbox (badness 5726) in paragraph at lines 141--150
[] [] []
 []

<./images/extremechars.png, id=34, 936.49875pt x 699.61375pt>
File: ./images/extremechars.png Graphic file (type png)
 <use ./images/extremechars.png>
Package pdftex.def Info: ./images/extremechars.png used on input line 153.
(pdftex.def)             Requested size: 234.12411pt x 174.903pt.

Overfull \hbox (21.86655pt too wide) in paragraph at lines 153--154
[][] 
 []

[3 <./images/testpoints.png> <./images/tS11.png> <./images/tS12.png> <./images/tS13.png> <./images/tv11.png> <./images/tv12.png> <./images/tv13.png> <./images/tT11.png> <./images/tT13.png> <./images/tT12.png> <./images/extremechars.png>] (./RK14832.aux) ) 
Here is how much of TeX's memory you used:
 2278 strings out of 493089
 34260 string characters out of 6134842
 105943 words of memory out of 5000000
 5735 multiletter control sequences out of 15000+600000
 4899 words of font info for 18 fonts, out of 8000000 for 9000
 1141 hyphenation exceptions out of 8191
 38i,7n,32p,237b,301s stack positions out of 5000i,500n,10000p,200000b,80000s
</usr/local/texlive/2015/texmf-dist/fonts/type1/public/amsfonts/cm/cmbx10.pfb></usr/local/texlive/2015/texmf-dist/fonts/type1/public/amsfonts/cm/cmbx12.pfb></usr/local/texlive/2015/texmf-dist/fonts/type1/public/amsfonts/cm/cmmi10.pfb></usr/local/texlive/2015/texmf-dist/fonts/type1/public/amsfonts/cm/cmr10.pfb></usr/local/texlive/2015/texmf-dist/fonts/type1/public/amsfonts/cm/cmsy10.pfb></usr/local/texlive/2015/texmf-dist/fonts/type1/public/amsfonts/cm/cmti10.pfb>
Output written on RK14832.pdf (3 pages, 1330854 bytes).
PDF statistics:
 60 PDF objects out of 1000 (max. 8388607)
 27 compressed objects within 1 object stream
 0 named destinations out of 1000 (max. 500000)
 76 words of extra memory for PDF output out of 10000 (max. 10000000)

